 
****************************************
Report : area
Design : CNN_DUT
Version: P-2019.03-SP1
Date   : Mon Nov 15 04:59:52 2021
****************************************

Library(s) Used:

    NangateOpenCellLibrary_PDKv1_2_v2008_10_slow_nldm (File: /afs/eos.ncsu.edu/lockers/research/ece/wdavis/tech/nangate/NangateOpenCellLibrary_PDKv1_2_v2008_10/liberty/520/NangateOpenCellLibrary_PDKv1_2_v2008_10_slow_nldm.db)

Number of ports:                           77
Number of nets:                           626
Number of cells:                          580
Number of combinational cells:            507
Number of sequential cells:                33
Number of macros/black boxes:               0
Number of buf/inv:                        136
Number of references:                      35

Combinational area:                511.783994
Buf/Inv area:                       72.618001
Noncombinational area:             164.654003
Macro/Black Box area:                0.000000
Net Interconnect area:      undefined  (No wire load specified)

Total cell area:                   676.437997
Total area:                 undefined
1
