Information: Updating design information... (UID-85)
 
****************************************
Report : timing
        -path full
        -delay min
        -max_paths 1
Design : CNN_DUT
Version: P-2019.03-SP1
Date   : Mon Nov 15 04:59:52 2021
****************************************

Operating Conditions: fast   Library: NangateOpenCellLibrary_PDKv1_2_v2008_10_fast_nldm
Wire Load Model Mode: top

  Startpoint: FSM_Current_State_reg[0]
              (rising edge-triggered flip-flop clocked by clk)
  Endpoint: FSM_Current_State_reg[0]
            (rising edge-triggered flip-flop clocked by clk)
  Path Group: clk
  Path Type: min

  Point                                                   Incr       Path
  --------------------------------------------------------------------------
  clock clk (rise edge)                                 0.0000     0.0000
  clock network delay (ideal)                           0.0000     0.0000
  FSM_Current_State_reg[0]/CK (DFFS_X2)                 0.0000     0.0000 r
  FSM_Current_State_reg[0]/Q (DFFS_X2)                  0.0703     0.0703 r
  U735/ZN (OAI211_X1)                                   0.0187     0.0890 f
  FSM_Current_State_reg[0]/D (DFFS_X2)                  0.0000     0.0890 f
  data arrival time                                                0.0890

  clock clk (rise edge)                                 0.0000     0.0000
  clock network delay (ideal)                           0.0000     0.0000
  clock uncertainty                                     0.0500     0.0500
  FSM_Current_State_reg[0]/CK (DFFS_X2)                 0.0000     0.0500 r
  library hold time                                    -0.0042     0.0458
  data required time                                               0.0458
  --------------------------------------------------------------------------
  data required time                                               0.0458
  data arrival time                                               -0.0890
  --------------------------------------------------------------------------
  slack (MET)                                                      0.0432


1
